
*** Running vivado
    with args -log controladorVGA.vdi -applog -m64 -product Vivado -messageDb vivado.pb -mode batch -source controladorVGA.tcl -notrace



****** Vivado v2022.2 (64-bit)
  **** SW Build 3671981 on Fri Oct 14 05:00:03 MDT 2022
  **** IP Build 3669848 on Fri Oct 14 08:30:02 MDT 2022
    ** Copyright 1986-2022 Xilinx, Inc. All Rights Reserved.

source controladorVGA.tcl -notrace
create_project: Time (s): cpu = 00:00:04 ; elapsed = 00:00:06 . Memory (MB): peak = 394.270 ; gain = 60.746
Command: link_design -top controladorVGA -part xc7a35tcpg236-1
Design is defaulting to srcset: sources_1
Design is defaulting to constrset: constrs_1
INFO: [Device 21-403] Loading part xc7a35tcpg236-1
Netlist sorting complete. Time (s): cpu = 00:00:00 ; elapsed = 00:00:00.003 . Memory (MB): peak = 797.207 ; gain = 0.000
INFO: [Netlist 29-17] Analyzing 23 Unisim elements for replacement
INFO: [Netlist 29-28] Unisim Transformation completed in 0 CPU seconds
INFO: [Project 1-479] Netlist was created with Vivado 2022.2
INFO: [Project 1-570] Preparing netlist for logic optimization
Parsing XDC File [C:/Users/alvar/OneDrive/Escritorio/Proyectos/Tercero/SistemasElectronicos/Practicas_FPGA_SE/ProyectoCoche/ProyectoCoche.srcs/constrs_1/imports/Practicas_FPGA_SE/Basys-3-MasterVGAcar.xdc]
WARNING: [Vivado 12-584] No ports matched 'UP'. [C:/Users/alvar/OneDrive/Escritorio/Proyectos/Tercero/SistemasElectronicos/Practicas_FPGA_SE/ProyectoCoche/ProyectoCoche.srcs/constrs_1/imports/Practicas_FPGA_SE/Basys-3-MasterVGAcar.xdc:113]
CRITICAL WARNING: [Common 17-55] 'set_property' expects at least one object. [C:/Users/alvar/OneDrive/Escritorio/Proyectos/Tercero/SistemasElectronicos/Practicas_FPGA_SE/ProyectoCoche/ProyectoCoche.srcs/constrs_1/imports/Practicas_FPGA_SE/Basys-3-MasterVGAcar.xdc:113]
Resolution: If [get_<value>] was used to populate the object, check to make sure this command returns at least one valid object.
WARNING: [Vivado 12-584] No ports matched 'UP'. [C:/Users/alvar/OneDrive/Escritorio/Proyectos/Tercero/SistemasElectronicos/Practicas_FPGA_SE/ProyectoCoche/ProyectoCoche.srcs/constrs_1/imports/Practicas_FPGA_SE/Basys-3-MasterVGAcar.xdc:114]
CRITICAL WARNING: [Common 17-55] 'set_property' expects at least one object. [C:/Users/alvar/OneDrive/Escritorio/Proyectos/Tercero/SistemasElectronicos/Practicas_FPGA_SE/ProyectoCoche/ProyectoCoche.srcs/constrs_1/imports/Practicas_FPGA_SE/Basys-3-MasterVGAcar.xdc:114]
Resolution: If [get_<value>] was used to populate the object, check to make sure this command returns at least one valid object.
WARNING: [Vivado 12-584] No ports matched 'DOWN'. [C:/Users/alvar/OneDrive/Escritorio/Proyectos/Tercero/SistemasElectronicos/Practicas_FPGA_SE/ProyectoCoche/ProyectoCoche.srcs/constrs_1/imports/Practicas_FPGA_SE/Basys-3-MasterVGAcar.xdc:119]
CRITICAL WARNING: [Common 17-55] 'set_property' expects at least one object. [C:/Users/alvar/OneDrive/Escritorio/Proyectos/Tercero/SistemasElectronicos/Practicas_FPGA_SE/ProyectoCoche/ProyectoCoche.srcs/constrs_1/imports/Practicas_FPGA_SE/Basys-3-MasterVGAcar.xdc:119]
Resolution: If [get_<value>] was used to populate the object, check to make sure this command returns at least one valid object.
WARNING: [Vivado 12-584] No ports matched 'DOWN'. [C:/Users/alvar/OneDrive/Escritorio/Proyectos/Tercero/SistemasElectronicos/Practicas_FPGA_SE/ProyectoCoche/ProyectoCoche.srcs/constrs_1/imports/Practicas_FPGA_SE/Basys-3-MasterVGAcar.xdc:120]
CRITICAL WARNING: [Common 17-55] 'set_property' expects at least one object. [C:/Users/alvar/OneDrive/Escritorio/Proyectos/Tercero/SistemasElectronicos/Practicas_FPGA_SE/ProyectoCoche/ProyectoCoche.srcs/constrs_1/imports/Practicas_FPGA_SE/Basys-3-MasterVGAcar.xdc:120]
Resolution: If [get_<value>] was used to populate the object, check to make sure this command returns at least one valid object.
Finished Parsing XDC File [C:/Users/alvar/OneDrive/Escritorio/Proyectos/Tercero/SistemasElectronicos/Practicas_FPGA_SE/ProyectoCoche/ProyectoCoche.srcs/constrs_1/imports/Practicas_FPGA_SE/Basys-3-MasterVGAcar.xdc]
INFO: [Opt 31-138] Pushed 0 inverter(s) to 0 load pin(s).
Netlist sorting complete. Time (s): cpu = 00:00:00 ; elapsed = 00:00:00 . Memory (MB): peak = 926.359 ; gain = 0.000
INFO: [Project 1-111] Unisim Transformation Summary:
No Unisim elements were transformed.

7 Infos, 4 Warnings, 4 Critical Warnings and 0 Errors encountered.
link_design completed successfully
link_design: Time (s): cpu = 00:00:04 ; elapsed = 00:00:09 . Memory (MB): peak = 930.340 ; gain = 531.133
Command: opt_design
Attempting to get a license for feature 'Implementation' and/or device 'xc7a35t'
INFO: [Common 17-349] Got license for feature 'Implementation' and/or device 'xc7a35t'
Running DRC as a precondition to command opt_design

Starting DRC Task
INFO: [DRC 23-27] Running DRC with 2 threads
INFO: [Project 1-461] DRC finished with 0 Errors
INFO: [Project 1-462] Please refer to the DRC report (report_drc) for more information.

Time (s): cpu = 00:00:02 ; elapsed = 00:00:01 . Memory (MB): peak = 950.340 ; gain = 20.000

Starting Cache Timing Information Task
INFO: [Timing 38-35] Done setting XDC timing constraints.
Ending Cache Timing Information Task | Checksum: 274381575

Time (s): cpu = 00:00:09 ; elapsed = 00:00:10 . Memory (MB): peak = 1494.449 ; gain = 544.109

Starting Logic Optimization Task

Phase 1 Retarget
INFO: [Opt 31-138] Pushed 0 inverter(s) to 0 load pin(s).
INFO: [Opt 31-49] Retargeted 0 cell(s).
Phase 1 Retarget | Checksum: 274381575

Time (s): cpu = 00:00:00 ; elapsed = 00:00:00.019 . Memory (MB): peak = 1831.848 ; gain = 0.000
INFO: [Opt 31-389] Phase Retarget created 0 cells and removed 0 cells

Phase 2 Constant propagation
INFO: [Opt 31-138] Pushed 0 inverter(s) to 0 load pin(s).
Phase 2 Constant propagation | Checksum: 274381575

Time (s): cpu = 00:00:00 ; elapsed = 00:00:00.022 . Memory (MB): peak = 1831.848 ; gain = 0.000
INFO: [Opt 31-389] Phase Constant propagation created 0 cells and removed 0 cells

Phase 3 Sweep
Phase 3 Sweep | Checksum: 1f5609595

Time (s): cpu = 00:00:00 ; elapsed = 00:00:00.026 . Memory (MB): peak = 1831.848 ; gain = 0.000
INFO: [Opt 31-389] Phase Sweep created 0 cells and removed 0 cells

Phase 4 BUFG optimization
Phase 4 BUFG optimization | Checksum: 1f5609595

Time (s): cpu = 00:00:00 ; elapsed = 00:00:00.068 . Memory (MB): peak = 1831.848 ; gain = 0.000
INFO: [Opt 31-662] Phase BUFG optimization created 0 cells of which 0 are BUFGs and removed 0 cells.

Phase 5 Shift Register Optimization
INFO: [Opt 31-1064] SRL Remap converted 0 SRLs to 0 registers and converted 0 registers of register chains to 0 SRLs
Phase 5 Shift Register Optimization | Checksum: 1f5609595

Time (s): cpu = 00:00:00 ; elapsed = 00:00:00.069 . Memory (MB): peak = 1831.848 ; gain = 0.000
INFO: [Opt 31-389] Phase Shift Register Optimization created 0 cells and removed 0 cells

Phase 6 Post Processing Netlist
Phase 6 Post Processing Netlist | Checksum: 1f5609595

Time (s): cpu = 00:00:00 ; elapsed = 00:00:00.071 . Memory (MB): peak = 1831.848 ; gain = 0.000
INFO: [Opt 31-389] Phase Post Processing Netlist created 0 cells and removed 0 cells
Opt_design Change Summary
=========================


-------------------------------------------------------------------------------------------------------------------------
|  Phase                        |  #Cells created  |  #Cells Removed  |  #Constrained objects preventing optimizations  |
-------------------------------------------------------------------------------------------------------------------------
|  Retarget                     |               0  |               0  |                                              0  |
|  Constant propagation         |               0  |               0  |                                              0  |
|  Sweep                        |               0  |               0  |                                              0  |
|  BUFG optimization            |               0  |               0  |                                              0  |
|  Shift Register Optimization  |               0  |               0  |                                              0  |
|  Post Processing Netlist      |               0  |               0  |                                              0  |
-------------------------------------------------------------------------------------------------------------------------



Starting Connectivity Check Task

Time (s): cpu = 00:00:00 ; elapsed = 00:00:00.001 . Memory (MB): peak = 1831.848 ; gain = 0.000
Ending Logic Optimization Task | Checksum: 1bc3cd297

Time (s): cpu = 00:00:00 ; elapsed = 00:00:00.086 . Memory (MB): peak = 1831.848 ; gain = 0.000

Starting Power Optimization Task
INFO: [Pwropt 34-132] Skipping clock gating for clocks with a period < 2.00 ns.
Ending Power Optimization Task | Checksum: 1bc3cd297

Time (s): cpu = 00:00:00 ; elapsed = 00:00:00.013 . Memory (MB): peak = 1831.848 ; gain = 0.000

Starting Final Cleanup Task
Ending Final Cleanup Task | Checksum: 1bc3cd297

Time (s): cpu = 00:00:00 ; elapsed = 00:00:00 . Memory (MB): peak = 1831.848 ; gain = 0.000

Starting Netlist Obfuscation Task
Netlist sorting complete. Time (s): cpu = 00:00:00 ; elapsed = 00:00:00.001 . Memory (MB): peak = 1831.848 ; gain = 0.000
Ending Netlist Obfuscation Task | Checksum: 1bc3cd297

Time (s): cpu = 00:00:00 ; elapsed = 00:00:00.001 . Memory (MB): peak = 1831.848 ; gain = 0.000
INFO: [Common 17-83] Releasing license: Implementation
24 Infos, 4 Warnings, 4 Critical Warnings and 0 Errors encountered.
opt_design completed successfully
opt_design: Time (s): cpu = 00:00:14 ; elapsed = 00:00:16 . Memory (MB): peak = 1831.848 ; gain = 901.508
INFO: [Timing 38-480] Writing timing data to binary archive.
Writing XDEF routing.
Writing XDEF routing logical nets.
Writing XDEF routing special nets.
Write XDEF Complete: Time (s): cpu = 00:00:00 ; elapsed = 00:00:00.065 . Memory (MB): peak = 1831.848 ; gain = 0.000
INFO: [Common 17-1381] The checkpoint 'C:/Users/alvar/OneDrive/Escritorio/Proyectos/Tercero/SistemasElectronicos/Practicas_FPGA_SE/ProyectoCoche/ProyectoCoche.runs/impl_1/controladorVGA_opt.dcp' has been generated.
INFO: [runtcl-4] Executing : report_drc -file controladorVGA_drc_opted.rpt -pb controladorVGA_drc_opted.pb -rpx controladorVGA_drc_opted.rpx
Command: report_drc -file controladorVGA_drc_opted.rpt -pb controladorVGA_drc_opted.pb -rpx controladorVGA_drc_opted.rpx
INFO: [IP_Flow 19-234] Refreshing IP repositories
INFO: [IP_Flow 19-1704] No user IP repositories specified
INFO: [IP_Flow 19-2313] Loaded Vivado IP repository 'C:/Xilinx/Vivado/2022.2/data/ip'.
INFO: [DRC 23-27] Running DRC with 2 threads
INFO: [Vivado_Tcl 2-168] The results of DRC are in file C:/Users/alvar/OneDrive/Escritorio/Proyectos/Tercero/SistemasElectronicos/Practicas_FPGA_SE/ProyectoCoche/ProyectoCoche.runs/impl_1/controladorVGA_drc_opted.rpt.
report_drc completed successfully
Command: place_design
Attempting to get a license for feature 'Implementation' and/or device 'xc7a35t'
INFO: [Common 17-349] Got license for feature 'Implementation' and/or device 'xc7a35t'
INFO: [DRC 23-27] Running DRC with 2 threads
INFO: [Vivado_Tcl 4-198] DRC finished with 0 Errors
INFO: [Vivado_Tcl 4-199] Please refer to the DRC report (report_drc) for more information.
Running DRC as a precondition to command place_design
INFO: [DRC 23-27] Running DRC with 2 threads
INFO: [Vivado_Tcl 4-198] DRC finished with 0 Errors
INFO: [Vivado_Tcl 4-199] Please refer to the DRC report (report_drc) for more information.

Starting Placer Task
INFO: [Place 30-611] Multithreading enabled for place_design using a maximum of 2 CPUs

Phase 1 Placer Initialization

Phase 1.1 Placer Initialization Netlist Sorting
Netlist sorting complete. Time (s): cpu = 00:00:00 ; elapsed = 00:00:00 . Memory (MB): peak = 1831.848 ; gain = 0.000
Phase 1.1 Placer Initialization Netlist Sorting | Checksum: 19c9879c4

Time (s): cpu = 00:00:00 ; elapsed = 00:00:00.008 . Memory (MB): peak = 1831.848 ; gain = 0.000
Netlist sorting complete. Time (s): cpu = 00:00:00 ; elapsed = 00:00:00 . Memory (MB): peak = 1831.848 ; gain = 0.000

Phase 1.2 IO Placement/ Clock Placement/ Build Placer Device
INFO: [Timing 38-35] Done setting XDC timing constraints.
Phase 1.2 IO Placement/ Clock Placement/ Build Placer Device | Checksum: 8a7ce385

Time (s): cpu = 00:00:00 ; elapsed = 00:00:00.281 . Memory (MB): peak = 1831.848 ; gain = 0.000

Phase 1.3 Build Placer Netlist Model
Phase 1.3 Build Placer Netlist Model | Checksum: b9eb2fd3

Time (s): cpu = 00:00:00 ; elapsed = 00:00:00.405 . Memory (MB): peak = 1831.848 ; gain = 0.000

Phase 1.4 Constrain Clocks/Macros
Phase 1.4 Constrain Clocks/Macros | Checksum: b9eb2fd3

Time (s): cpu = 00:00:00 ; elapsed = 00:00:00.407 . Memory (MB): peak = 1831.848 ; gain = 0.000
Phase 1 Placer Initialization | Checksum: b9eb2fd3

Time (s): cpu = 00:00:00 ; elapsed = 00:00:00.410 . Memory (MB): peak = 1831.848 ; gain = 0.000

Phase 2 Global Placement

Phase 2.1 Floorplanning
Phase 2.1 Floorplanning | Checksum: eb9856d4

Time (s): cpu = 00:00:00 ; elapsed = 00:00:00.534 . Memory (MB): peak = 1831.848 ; gain = 0.000

Phase 2.2 Update Timing before SLR Path Opt
Phase 2.2 Update Timing before SLR Path Opt | Checksum: 106a8a2b5

Time (s): cpu = 00:00:00 ; elapsed = 00:00:00.592 . Memory (MB): peak = 1831.848 ; gain = 0.000

Phase 2.3 Post-Processing in Floorplanning
Phase 2.3 Post-Processing in Floorplanning | Checksum: 106a8a2b5

Time (s): cpu = 00:00:00 ; elapsed = 00:00:00.593 . Memory (MB): peak = 1831.848 ; gain = 0.000

Phase 2.4 Global Placement Core

Phase 2.4.1 UpdateTiming Before Physical Synthesis
Phase 2.4.1 UpdateTiming Before Physical Synthesis | Checksum: 172251295

Time (s): cpu = 00:00:02 ; elapsed = 00:00:03 . Memory (MB): peak = 1831.848 ; gain = 0.000

Phase 2.4.2 Physical Synthesis In Placer
INFO: [Physopt 32-1035] Found 0 LUTNM shape to break, 4 LUT instances to create LUTNM shape
INFO: [Physopt 32-1044] Break lutnm for timing: one critical 0, two critical 0, total 0, new lutff created 0
INFO: [Physopt 32-1138] End 1 Pass. Optimized 2 nets or LUTs. Breaked 0 LUT, combined 2 existing LUTs and moved 0 existing LUT
INFO: [Physopt 32-65] No nets found for high-fanout optimization.
INFO: [Physopt 32-232] Optimized 0 net. Created 0 new instance.
INFO: [Physopt 32-775] End 1 Pass. Optimized 0 net or cell. Created 0 new cell, deleted 0 existing cell and moved 0 existing cell
INFO: [Physopt 32-670] No setup violation found.  DSP Register Optimization was not performed.
INFO: [Physopt 32-670] No setup violation found.  Shift Register to Pipeline Optimization was not performed.
INFO: [Physopt 32-670] No setup violation found.  Shift Register Optimization was not performed.
INFO: [Physopt 32-670] No setup violation found.  BRAM Register Optimization was not performed.
INFO: [Physopt 32-670] No setup violation found.  URAM Register Optimization was not performed.
INFO: [Physopt 32-949] No candidate nets found for dynamic/static region interface net replication
INFO: [Physopt 32-775] End 1 Pass. Optimized 0 net or cell. Created 0 new cell, deleted 0 existing cell and moved 0 existing cell
Netlist sorting complete. Time (s): cpu = 00:00:00 ; elapsed = 00:00:00 . Memory (MB): peak = 1831.848 ; gain = 0.000

Summary of Physical Synthesis Optimizations
============================================


-----------------------------------------------------------------------------------------------------------------------------------------------------------
|  Optimization                                     |  Added Cells  |  Removed Cells  |  Optimized Cells/Nets  |  Dont Touch  |  Iterations  |  Elapsed   |
-----------------------------------------------------------------------------------------------------------------------------------------------------------
|  LUT Combining                                    |            0  |              2  |                     2  |           0  |           1  |  00:00:00  |
|  Retime                                           |            0  |              0  |                     0  |           0  |           1  |  00:00:00  |
|  Very High Fanout                                 |            0  |              0  |                     0  |           0  |           1  |  00:00:00  |
|  DSP Register                                     |            0  |              0  |                     0  |           0  |           0  |  00:00:00  |
|  Shift Register to Pipeline                       |            0  |              0  |                     0  |           0  |           0  |  00:00:00  |
|  Shift Register                                   |            0  |              0  |                     0  |           0  |           0  |  00:00:00  |
|  BRAM Register                                    |            0  |              0  |                     0  |           0  |           0  |  00:00:00  |
|  URAM Register                                    |            0  |              0  |                     0  |           0  |           0  |  00:00:00  |
|  Dynamic/Static Region Interface Net Replication  |            0  |              0  |                     0  |           0  |           1  |  00:00:00  |
|  Total                                            |            0  |              2  |                     2  |           0  |           4  |  00:00:00  |
-----------------------------------------------------------------------------------------------------------------------------------------------------------


Phase 2.4.2 Physical Synthesis In Placer | Checksum: 16d8ac923

Time (s): cpu = 00:00:02 ; elapsed = 00:00:03 . Memory (MB): peak = 1831.848 ; gain = 0.000
Phase 2.4 Global Placement Core | Checksum: 17cc01b0c

Time (s): cpu = 00:00:02 ; elapsed = 00:00:03 . Memory (MB): peak = 1831.848 ; gain = 0.000
Phase 2 Global Placement | Checksum: 17cc01b0c

Time (s): cpu = 00:00:02 ; elapsed = 00:00:03 . Memory (MB): peak = 1831.848 ; gain = 0.000

Phase 3 Detail Placement

Phase 3.1 Commit Multi Column Macros
Phase 3.1 Commit Multi Column Macros | Checksum: 10cb3c57b

Time (s): cpu = 00:00:02 ; elapsed = 00:00:03 . Memory (MB): peak = 1831.848 ; gain = 0.000

Phase 3.2 Commit Most Macros & LUTRAMs
Phase 3.2 Commit Most Macros & LUTRAMs | Checksum: 183ce5ad1

Time (s): cpu = 00:00:02 ; elapsed = 00:00:03 . Memory (MB): peak = 1831.848 ; gain = 0.000

Phase 3.3 Area Swap Optimization
Phase 3.3 Area Swap Optimization | Checksum: 1620c023b

Time (s): cpu = 00:00:02 ; elapsed = 00:00:03 . Memory (MB): peak = 1831.848 ; gain = 0.000

Phase 3.4 Pipeline Register Optimization
Phase 3.4 Pipeline Register Optimization | Checksum: 1620c023b

Time (s): cpu = 00:00:02 ; elapsed = 00:00:03 . Memory (MB): peak = 1831.848 ; gain = 0.000

Phase 3.5 Small Shape Detail Placement
Phase 3.5 Small Shape Detail Placement | Checksum: 11e41c1bd

Time (s): cpu = 00:00:02 ; elapsed = 00:00:03 . Memory (MB): peak = 1831.848 ; gain = 0.000

Phase 3.6 Re-assign LUT pins
Phase 3.6 Re-assign LUT pins | Checksum: 1b1b547e6

Time (s): cpu = 00:00:02 ; elapsed = 00:00:03 . Memory (MB): peak = 1831.848 ; gain = 0.000

Phase 3.7 Pipeline Register Optimization
Phase 3.7 Pipeline Register Optimization | Checksum: 1b1b547e6

Time (s): cpu = 00:00:02 ; elapsed = 00:00:03 . Memory (MB): peak = 1831.848 ; gain = 0.000
Phase 3 Detail Placement | Checksum: 1b1b547e6

Time (s): cpu = 00:00:02 ; elapsed = 00:00:03 . Memory (MB): peak = 1831.848 ; gain = 0.000

Phase 4 Post Placement Optimization and Clean-Up

Phase 4.1 Post Commit Optimization
INFO: [Timing 38-35] Done setting XDC timing constraints.

Phase 4.1.1 Post Placement Optimization
Post Placement Optimization Initialization | Checksum: 1449ab0a1

Phase 4.1.1.1 BUFG Insertion

Starting Physical Synthesis Task

Phase 1 Physical Synthesis Initialization
INFO: [Physopt 32-721] Multithreading enabled for phys_opt_design using a maximum of 2 CPUs
INFO: [Physopt 32-619] Estimated Timing Summary | WNS=6.961 | TNS=0.000 |
Phase 1 Physical Synthesis Initialization | Checksum: 88e206c5

Time (s): cpu = 00:00:00 ; elapsed = 00:00:00.015 . Memory (MB): peak = 1831.848 ; gain = 0.000
INFO: [Place 46-56] BUFG insertion identified 0 candidate nets. Inserted BUFG: 0, Replicated BUFG Driver: 0, Skipped due to Placement/Routing Conflicts: 0, Skipped due to Timing Degradation: 0, Skipped due to Illegal Netlist: 0.
Ending Physical Synthesis Task | Checksum: fcbf938e

Time (s): cpu = 00:00:00 ; elapsed = 00:00:00.017 . Memory (MB): peak = 1831.848 ; gain = 0.000
Phase 4.1.1.1 BUFG Insertion | Checksum: 1449ab0a1

Time (s): cpu = 00:00:02 ; elapsed = 00:00:03 . Memory (MB): peak = 1831.848 ; gain = 0.000

Phase 4.1.1.2 Post Placement Timing Optimization
INFO: [Place 30-746] Post Placement Timing Summary WNS=6.961. For the most accurate timing information please run report_timing.
Phase 4.1.1.2 Post Placement Timing Optimization | Checksum: 16f2427f9

Time (s): cpu = 00:00:02 ; elapsed = 00:00:03 . Memory (MB): peak = 1831.848 ; gain = 0.000

Time (s): cpu = 00:00:02 ; elapsed = 00:00:03 . Memory (MB): peak = 1831.848 ; gain = 0.000
Phase 4.1 Post Commit Optimization | Checksum: 16f2427f9

Time (s): cpu = 00:00:02 ; elapsed = 00:00:03 . Memory (MB): peak = 1831.848 ; gain = 0.000

Phase 4.2 Post Placement Cleanup
Phase 4.2 Post Placement Cleanup | Checksum: 16f2427f9

Time (s): cpu = 00:00:02 ; elapsed = 00:00:03 . Memory (MB): peak = 1831.848 ; gain = 0.000

Phase 4.3 Placer Reporting

Phase 4.3.1 Print Estimated Congestion
INFO: [Place 30-612] Post-Placement Estimated Congestion 
 ____________________________________________________
|           | Global Congestion | Short Congestion  |
| Direction | Region Size       | Region Size       |
|___________|___________________|___________________|
|      North|                1x1|                1x1|
|___________|___________________|___________________|
|      South|                1x1|                1x1|
|___________|___________________|___________________|
|       East|                1x1|                1x1|
|___________|___________________|___________________|
|       West|                1x1|                1x1|
|___________|___________________|___________________|

Phase 4.3.1 Print Estimated Congestion | Checksum: 16f2427f9

Time (s): cpu = 00:00:02 ; elapsed = 00:00:03 . Memory (MB): peak = 1831.848 ; gain = 0.000
Phase 4.3 Placer Reporting | Checksum: 16f2427f9

Time (s): cpu = 00:00:02 ; elapsed = 00:00:03 . Memory (MB): peak = 1831.848 ; gain = 0.000

Phase 4.4 Final Placement Cleanup
Netlist sorting complete. Time (s): cpu = 00:00:00 ; elapsed = 00:00:00 . Memory (MB): peak = 1831.848 ; gain = 0.000

Time (s): cpu = 00:00:02 ; elapsed = 00:00:03 . Memory (MB): peak = 1831.848 ; gain = 0.000
Phase 4 Post Placement Optimization and Clean-Up | Checksum: 1734d6263

Time (s): cpu = 00:00:02 ; elapsed = 00:00:03 . Memory (MB): peak = 1831.848 ; gain = 0.000
Ending Placer Task | Checksum: e1447525

Time (s): cpu = 00:00:02 ; elapsed = 00:00:03 . Memory (MB): peak = 1831.848 ; gain = 0.000
INFO: [Common 17-83] Releasing license: Implementation
61 Infos, 4 Warnings, 4 Critical Warnings and 0 Errors encountered.
place_design completed successfully
INFO: [Timing 38-480] Writing timing data to binary archive.
Writing XDEF routing.
Writing XDEF routing logical nets.
Writing XDEF routing special nets.
Write XDEF Complete: Time (s): cpu = 00:00:01 ; elapsed = 00:00:00.097 . Memory (MB): peak = 1831.848 ; gain = 0.000
INFO: [Common 17-1381] The checkpoint 'C:/Users/alvar/OneDrive/Escritorio/Proyectos/Tercero/SistemasElectronicos/Practicas_FPGA_SE/ProyectoCoche/ProyectoCoche.runs/impl_1/controladorVGA_placed.dcp' has been generated.
INFO: [runtcl-4] Executing : report_io -file controladorVGA_io_placed.rpt
report_io: Time (s): cpu = 00:00:00 ; elapsed = 00:00:00.052 . Memory (MB): peak = 1831.848 ; gain = 0.000
INFO: [runtcl-4] Executing : report_utilization -file controladorVGA_utilization_placed.rpt -pb controladorVGA_utilization_placed.pb
INFO: [runtcl-4] Executing : report_control_sets -verbose -file controladorVGA_control_sets_placed.rpt
report_control_sets: Time (s): cpu = 00:00:00 ; elapsed = 00:00:00.004 . Memory (MB): peak = 1831.848 ; gain = 0.000
Command: phys_opt_design
Attempting to get a license for feature 'Implementation' and/or device 'xc7a35t'
INFO: [Common 17-349] Got license for feature 'Implementation' and/or device 'xc7a35t'

Starting Initial Update Timing Task

Time (s): cpu = 00:00:00 ; elapsed = 00:00:00.044 . Memory (MB): peak = 1831.848 ; gain = 0.000
INFO: [Vivado_Tcl 4-383] Design worst setup slack (WNS) is greater than or equal to 0.000 ns. Skipping all physical synthesis optimizations.
INFO: [Vivado_Tcl 4-232] No setup violation found. The netlist was not modified.
INFO: [Common 17-83] Releasing license: Implementation
70 Infos, 4 Warnings, 4 Critical Warnings and 0 Errors encountered.
phys_opt_design completed successfully
INFO: [Timing 38-480] Writing timing data to binary archive.
Writing XDEF routing.
Writing XDEF routing logical nets.
Writing XDEF routing special nets.
Write XDEF Complete: Time (s): cpu = 00:00:00 ; elapsed = 00:00:00.089 . Memory (MB): peak = 1843.688 ; gain = 11.840
INFO: [Common 17-1381] The checkpoint 'C:/Users/alvar/OneDrive/Escritorio/Proyectos/Tercero/SistemasElectronicos/Practicas_FPGA_SE/ProyectoCoche/ProyectoCoche.runs/impl_1/controladorVGA_physopt.dcp' has been generated.
Command: route_design
Attempting to get a license for feature 'Implementation' and/or device 'xc7a35t'
INFO: [Common 17-349] Got license for feature 'Implementation' and/or device 'xc7a35t'
Running DRC as a precondition to command route_design
INFO: [DRC 23-27] Running DRC with 2 threads
INFO: [Vivado_Tcl 4-198] DRC finished with 0 Errors
INFO: [Vivado_Tcl 4-199] Please refer to the DRC report (report_drc) for more information.


Starting Routing Task
INFO: [Route 35-254] Multithreading enabled for route_design using a maximum of 2 CPUs

Phase 1 Build RT Design
Checksum: PlaceDB: db5d02af ConstDB: 0 ShapeSum: 5e77276 RouteDB: 0
Post Restoration Checksum: NetGraph: 13566cce NumContArr: 5b05ae06 Constraints: 0 Timing: 0
Phase 1 Build RT Design | Checksum: 6e5c1ad4

Time (s): cpu = 00:00:29 ; elapsed = 00:00:29 . Memory (MB): peak = 1924.855 ; gain = 69.105

Phase 2 Router Initialization

Phase 2.1 Fix Topology Constraints
Phase 2.1 Fix Topology Constraints | Checksum: 6e5c1ad4

Time (s): cpu = 00:00:29 ; elapsed = 00:00:29 . Memory (MB): peak = 1930.879 ; gain = 75.129

Phase 2.2 Pre Route Cleanup
Phase 2.2 Pre Route Cleanup | Checksum: 6e5c1ad4

Time (s): cpu = 00:00:29 ; elapsed = 00:00:29 . Memory (MB): peak = 1930.879 ; gain = 75.129
 Number of Nodes with overlaps = 0

Phase 2.3 Update Timing
Phase 2.3 Update Timing | Checksum: 11c8243fe

Time (s): cpu = 00:00:29 ; elapsed = 00:00:29 . Memory (MB): peak = 1935.434 ; gain = 79.684
INFO: [Route 35-416] Intermediate Timing Summary | WNS=6.967  | TNS=0.000  | WHS=-0.144 | THS=-1.530 |


Router Utilization Summary
  Global Vertical Routing Utilization    = 0 %
  Global Horizontal Routing Utilization  = 0 %
  Routable Net Status*
  *Does not include unroutable nets such as driverless and loadless.
  Run report_route_status for detailed report.
  Number of Failed Nets               = 89
    (Failed Nets is the sum of unrouted and partially routed nets)
  Number of Unrouted Nets             = 89
  Number of Partially Routed Nets     = 0
  Number of Node Overlaps             = 0

Phase 2 Router Initialization | Checksum: 10a19d7a3

Time (s): cpu = 00:00:29 ; elapsed = 00:00:29 . Memory (MB): peak = 1937.156 ; gain = 81.406

Phase 3 Initial Routing

Phase 3.1 Global Routing
Phase 3.1 Global Routing | Checksum: 10a19d7a3

Time (s): cpu = 00:00:29 ; elapsed = 00:00:29 . Memory (MB): peak = 1937.156 ; gain = 81.406
Phase 3 Initial Routing | Checksum: 178aba548

Time (s): cpu = 00:00:29 ; elapsed = 00:00:29 . Memory (MB): peak = 1937.156 ; gain = 81.406

Phase 4 Rip-up And Reroute

Phase 4.1 Global Iteration 0
 Number of Nodes with overlaps = 5
 Number of Nodes with overlaps = 0
INFO: [Route 35-416] Intermediate Timing Summary | WNS=6.731  | TNS=0.000  | WHS=N/A    | THS=N/A    |

Phase 4.1 Global Iteration 0 | Checksum: 2620d6bea

Time (s): cpu = 00:00:29 ; elapsed = 00:00:30 . Memory (MB): peak = 1937.156 ; gain = 81.406

Phase 4.2 Global Iteration 1
 Number of Nodes with overlaps = 1
 Number of Nodes with overlaps = 0
INFO: [Route 35-416] Intermediate Timing Summary | WNS=6.731  | TNS=0.000  | WHS=N/A    | THS=N/A    |

Phase 4.2 Global Iteration 1 | Checksum: 1c087909a

Time (s): cpu = 00:00:29 ; elapsed = 00:00:30 . Memory (MB): peak = 1937.156 ; gain = 81.406
Phase 4 Rip-up And Reroute | Checksum: 1c087909a

Time (s): cpu = 00:00:29 ; elapsed = 00:00:30 . Memory (MB): peak = 1937.156 ; gain = 81.406

Phase 5 Delay and Skew Optimization

Phase 5.1 Delay CleanUp
Phase 5.1 Delay CleanUp | Checksum: 1c087909a

Time (s): cpu = 00:00:29 ; elapsed = 00:00:30 . Memory (MB): peak = 1937.156 ; gain = 81.406

Phase 5.2 Clock Skew Optimization
Phase 5.2 Clock Skew Optimization | Checksum: 1c087909a

Time (s): cpu = 00:00:29 ; elapsed = 00:00:30 . Memory (MB): peak = 1937.156 ; gain = 81.406
Phase 5 Delay and Skew Optimization | Checksum: 1c087909a

Time (s): cpu = 00:00:29 ; elapsed = 00:00:30 . Memory (MB): peak = 1937.156 ; gain = 81.406

Phase 6 Post Hold Fix

Phase 6.1 Hold Fix Iter

Phase 6.1.1 Update Timing
Phase 6.1.1 Update Timing | Checksum: 208c6d570

Time (s): cpu = 00:00:29 ; elapsed = 00:00:30 . Memory (MB): peak = 1937.156 ; gain = 81.406
INFO: [Route 35-416] Intermediate Timing Summary | WNS=6.824  | TNS=0.000  | WHS=0.161  | THS=0.000  |

Phase 6.1 Hold Fix Iter | Checksum: 1a3aab86c

Time (s): cpu = 00:00:29 ; elapsed = 00:00:30 . Memory (MB): peak = 1937.156 ; gain = 81.406
Phase 6 Post Hold Fix | Checksum: 1a3aab86c

Time (s): cpu = 00:00:29 ; elapsed = 00:00:30 . Memory (MB): peak = 1937.156 ; gain = 81.406

Phase 7 Route finalize

Router Utilization Summary
  Global Vertical Routing Utilization    = 0.0269473 %
  Global Horizontal Routing Utilization  = 0.0295419 %
  Routable Net Status*
  *Does not include unroutable nets such as driverless and loadless.
  Run report_route_status for detailed report.
  Number of Failed Nets               = 0
    (Failed Nets is the sum of unrouted and partially routed nets)
  Number of Unrouted Nets             = 0
  Number of Partially Routed Nets     = 0
  Number of Node Overlaps             = 0

Phase 7 Route finalize | Checksum: 1566086e6

Time (s): cpu = 00:00:29 ; elapsed = 00:00:30 . Memory (MB): peak = 1937.156 ; gain = 81.406

Phase 8 Verifying routed nets

 Verification completed successfully
Phase 8 Verifying routed nets | Checksum: 1566086e6

Time (s): cpu = 00:00:29 ; elapsed = 00:00:30 . Memory (MB): peak = 1937.840 ; gain = 82.090

Phase 9 Depositing Routes
Phase 9 Depositing Routes | Checksum: 146b5ffab

Time (s): cpu = 00:00:29 ; elapsed = 00:00:30 . Memory (MB): peak = 1937.840 ; gain = 82.090

Phase 10 Post Router Timing
INFO: [Route 35-57] Estimated Timing Summary | WNS=6.824  | TNS=0.000  | WHS=0.161  | THS=0.000  |

INFO: [Route 35-327] The final timing numbers are based on the router estimated timing analysis. For a complete and accurate timing signoff, please run report_timing_summary.
Phase 10 Post Router Timing | Checksum: 146b5ffab

Time (s): cpu = 00:00:29 ; elapsed = 00:00:30 . Memory (MB): peak = 1937.840 ; gain = 82.090
INFO: [Route 35-16] Router Completed Successfully

Time (s): cpu = 00:00:29 ; elapsed = 00:00:30 . Memory (MB): peak = 1937.840 ; gain = 82.090

Routing Is Done.
INFO: [Common 17-83] Releasing license: Implementation
85 Infos, 4 Warnings, 4 Critical Warnings and 0 Errors encountered.
route_design completed successfully
route_design: Time (s): cpu = 00:00:30 ; elapsed = 00:00:31 . Memory (MB): peak = 1937.840 ; gain = 94.152
INFO: [Timing 38-480] Writing timing data to binary archive.
Writing XDEF routing.
Writing XDEF routing logical nets.
Writing XDEF routing special nets.
Write XDEF Complete: Time (s): cpu = 00:00:00 ; elapsed = 00:00:00.102 . Memory (MB): peak = 1949.648 ; gain = 11.809
INFO: [Common 17-1381] The checkpoint 'C:/Users/alvar/OneDrive/Escritorio/Proyectos/Tercero/SistemasElectronicos/Practicas_FPGA_SE/ProyectoCoche/ProyectoCoche.runs/impl_1/controladorVGA_routed.dcp' has been generated.
INFO: [runtcl-4] Executing : report_drc -file controladorVGA_drc_routed.rpt -pb controladorVGA_drc_routed.pb -rpx controladorVGA_drc_routed.rpx
Command: report_drc -file controladorVGA_drc_routed.rpt -pb controladorVGA_drc_routed.pb -rpx controladorVGA_drc_routed.rpx
INFO: [IP_Flow 19-1839] IP Catalog is up to date.
INFO: [DRC 23-27] Running DRC with 2 threads
INFO: [Vivado_Tcl 2-168] The results of DRC are in file C:/Users/alvar/OneDrive/Escritorio/Proyectos/Tercero/SistemasElectronicos/Practicas_FPGA_SE/ProyectoCoche/ProyectoCoche.runs/impl_1/controladorVGA_drc_routed.rpt.
report_drc completed successfully
INFO: [runtcl-4] Executing : report_methodology -file controladorVGA_methodology_drc_routed.rpt -pb controladorVGA_methodology_drc_routed.pb -rpx controladorVGA_methodology_drc_routed.rpx
Command: report_methodology -file controladorVGA_methodology_drc_routed.rpt -pb controladorVGA_methodology_drc_routed.pb -rpx controladorVGA_methodology_drc_routed.rpx
INFO: [Timing 38-35] Done setting XDC timing constraints.
INFO: [DRC 23-133] Running Methodology with 2 threads
INFO: [Vivado_Tcl 2-1520] The results of Report Methodology are in file C:/Users/alvar/OneDrive/Escritorio/Proyectos/Tercero/SistemasElectronicos/Practicas_FPGA_SE/ProyectoCoche/ProyectoCoche.runs/impl_1/controladorVGA_methodology_drc_routed.rpt.
report_methodology completed successfully
INFO: [runtcl-4] Executing : report_power -file controladorVGA_power_routed.rpt -pb controladorVGA_power_summary_routed.pb -rpx controladorVGA_power_routed.rpx
Command: report_power -file controladorVGA_power_routed.rpt -pb controladorVGA_power_summary_routed.pb -rpx controladorVGA_power_routed.rpx
INFO: [Timing 38-35] Done setting XDC timing constraints.
Running Vector-less Activity Propagation...

Finished Running Vector-less Activity Propagation
97 Infos, 4 Warnings, 4 Critical Warnings and 0 Errors encountered.
report_power completed successfully
INFO: [runtcl-4] Executing : report_route_status -file controladorVGA_route_status.rpt -pb controladorVGA_route_status.pb
INFO: [runtcl-4] Executing : report_timing_summary -max_paths 10 -report_unconstrained -file controladorVGA_timing_summary_routed.rpt -pb controladorVGA_timing_summary_routed.pb -rpx controladorVGA_timing_summary_routed.rpx -warn_on_violation 
INFO: [Timing 38-91] UpdateTimingParams: Speed grade: -1, Delay Type: min_max.
INFO: [Timing 38-191] Multithreading enabled for timing update using a maximum of 2 CPUs
INFO: [runtcl-4] Executing : report_incremental_reuse -file controladorVGA_incremental_reuse_routed.rpt
INFO: [Vivado_Tcl 4-1062] Incremental flow is disabled. No incremental reuse Info to report.
INFO: [runtcl-4] Executing : report_clock_utilization -file controladorVGA_clock_utilization_routed.rpt
INFO: [runtcl-4] Executing : report_bus_skew -warn_on_violation -file controladorVGA_bus_skew_routed.rpt -pb controladorVGA_bus_skew_routed.pb -rpx controladorVGA_bus_skew_routed.rpx
INFO: [Timing 38-91] UpdateTimingParams: Speed grade: -1, Delay Type: min_max.
INFO: [Timing 38-191] Multithreading enabled for timing update using a maximum of 2 CPUs
Command: write_bitstream -force controladorVGA.bit
Attempting to get a license for feature 'Implementation' and/or device 'xc7a35t'
INFO: [Common 17-349] Got license for feature 'Implementation' and/or device 'xc7a35t'
Running DRC as a precondition to command write_bitstream
INFO: [IP_Flow 19-1839] IP Catalog is up to date.
INFO: [DRC 23-27] Running DRC with 2 threads
INFO: [Vivado 12-3199] DRC finished with 0 Errors
INFO: [Vivado 12-3200] Please refer to the DRC report (report_drc) for more information.
INFO: [Designutils 20-2272] Running write_bitstream with 2 threads.
Loading data files...
Loading site data...
Loading route data...
Processing options...
Creating bitmap...
Creating bitstream...
Writing bitstream ./controladorVGA.bit...
INFO: [Vivado 12-1842] Bitgen Completed Successfully.
INFO: [Project 1-1876] WebTalk data collection is mandatory when using a ULT device. To see the specific WebTalk data collected for your design, open the usage_statistics_webtalk.html or usage_statistics_webtalk.xml file in the implementation directory.
INFO: [Common 17-83] Releasing license: Implementation
12 Infos, 0 Warnings, 0 Critical Warnings and 0 Errors encountered.
write_bitstream completed successfully
write_bitstream: Time (s): cpu = 00:00:12 ; elapsed = 00:00:12 . Memory (MB): peak = 2399.406 ; gain = 420.723
INFO: [Common 17-206] Exiting Vivado at Fri Oct 27 00:36:06 2023...
