
*** Running vivado
    with args -log controladorVGA.vds -m64 -product Vivado -mode batch -messageDb vivado.pb -notrace -source controladorVGA.tcl



****** Vivado v2022.2 (64-bit)
  **** SW Build 3671981 on Fri Oct 14 05:00:03 MDT 2022
  **** IP Build 3669848 on Fri Oct 14 08:30:02 MDT 2022
    ** Copyright 1986-2022 Xilinx, Inc. All Rights Reserved.

source controladorVGA.tcl -notrace
create_project: Time (s): cpu = 00:00:04 ; elapsed = 00:00:07 . Memory (MB): peak = 395.027 ; gain = 61.262
Command: read_checkpoint -auto_incremental -incremental C:/Users/alvar/OneDrive/Escritorio/Proyectos/Tercero/SistemasElectronicos/Practicas_FPGA_SE/ProyectoCoche/ProyectoCoche.srcs/utils_1/imports/synth_1/controladorVGA.dcp
INFO: [Vivado 12-5825] Read reference checkpoint from C:/Users/alvar/OneDrive/Escritorio/Proyectos/Tercero/SistemasElectronicos/Practicas_FPGA_SE/ProyectoCoche/ProyectoCoche.srcs/utils_1/imports/synth_1/controladorVGA.dcp for incremental synthesis
INFO: [Vivado 12-7989] Please ensure there are no constraint changes
Command: synth_design -top controladorVGA -part xc7a35tcpg236-1
Starting synth_design
Attempting to get a license for feature 'Synthesis' and/or device 'xc7a35t'
INFO: [Common 17-349] Got license for feature 'Synthesis' and/or device 'xc7a35t'
INFO: [Device 21-403] Loading part xc7a35tcpg236-1
INFO: [Designutils 20-5440] No compile time benefit to using incremental synthesis; A full resynthesis will be run
INFO: [Designutils 20-4379] Flow is switching to default flow due to incremental criteria not met. If you would like to alter this behaviour and have the flow terminate instead, please set the following parameter config_implementation {autoIncr.Synth.RejectBehavior Terminate}
INFO: [Synth 8-7079] Multithreading enabled for synth_design using a maximum of 2 processes.
INFO: [Synth 8-7078] Launching helper process for spawning children vivado processes
INFO: [Synth 8-7075] Helper process launched with PID 3340
INFO: [Synth 8-11241] undeclared symbol 'REGCCE', assumed default net type 'wire' [C:/Xilinx/Vivado/2022.2/data/verilog/src/unimacro/BRAM_SINGLE_MACRO.v:2170]
---------------------------------------------------------------------------------
Starting RTL Elaboration : Time (s): cpu = 00:00:05 ; elapsed = 00:00:07 . Memory (MB): peak = 1205.938 ; gain = 408.617
---------------------------------------------------------------------------------
INFO: [Synth 8-638] synthesizing module 'controladorVGA' [C:/Users/alvar/OneDrive/Escritorio/Proyectos/Tercero/SistemasElectronicos/Practicas_FPGA_SE/ProyectoCoche/ProyectoCoche.srcs/sources_1/imports/new/controladorVGA.vhd:29]
INFO: [Synth 8-3491] module 'Frec_Pixel' declared at 'C:/Users/alvar/OneDrive/Escritorio/Proyectos/Tercero/SistemasElectronicos/Practicas_FPGA_SE/ProyectoCoche/ProyectoCoche.srcs/sources_1/imports/new/Frec_Pixel.vhd:16' bound to instance 'RelojPixel' of component 'Frec_Pixel' [C:/Users/alvar/OneDrive/Escritorio/Proyectos/Tercero/SistemasElectronicos/Practicas_FPGA_SE/ProyectoCoche/ProyectoCoche.srcs/sources_1/imports/new/controladorVGA.vhd:98]
INFO: [Synth 8-638] synthesizing module 'Frec_Pixel' [C:/Users/alvar/OneDrive/Escritorio/Proyectos/Tercero/SistemasElectronicos/Practicas_FPGA_SE/ProyectoCoche/ProyectoCoche.srcs/sources_1/imports/new/Frec_Pixel.vhd:23]
INFO: [Synth 8-256] done synthesizing module 'Frec_Pixel' (0#1) [C:/Users/alvar/OneDrive/Escritorio/Proyectos/Tercero/SistemasElectronicos/Practicas_FPGA_SE/ProyectoCoche/ProyectoCoche.srcs/sources_1/imports/new/Frec_Pixel.vhd:23]
	Parameter Bits bound to: 10 - type: integer 
INFO: [Synth 8-3491] module 'Cont_Generic' declared at 'C:/Users/alvar/OneDrive/Escritorio/Proyectos/Tercero/SistemasElectronicos/Practicas_FPGA_SE/ProyectoCoche/ProyectoCoche.srcs/sources_1/imports/new/Cont_Generic.vhd:15' bound to instance 'ContadorX' of component 'Cont_Generic' [C:/Users/alvar/OneDrive/Escritorio/Proyectos/Tercero/SistemasElectronicos/Practicas_FPGA_SE/ProyectoCoche/ProyectoCoche.srcs/sources_1/imports/new/controladorVGA.vhd:106]
INFO: [Synth 8-638] synthesizing module 'Cont_Generic' [C:/Users/alvar/OneDrive/Escritorio/Proyectos/Tercero/SistemasElectronicos/Practicas_FPGA_SE/ProyectoCoche/ProyectoCoche.srcs/sources_1/imports/new/Cont_Generic.vhd:25]
	Parameter Bits bound to: 10 - type: integer 
INFO: [Synth 8-256] done synthesizing module 'Cont_Generic' (0#1) [C:/Users/alvar/OneDrive/Escritorio/Proyectos/Tercero/SistemasElectronicos/Practicas_FPGA_SE/ProyectoCoche/ProyectoCoche.srcs/sources_1/imports/new/Cont_Generic.vhd:25]
	Parameter Bits bound to: 10 - type: integer 
INFO: [Synth 8-3491] module 'Cont_Generic' declared at 'C:/Users/alvar/OneDrive/Escritorio/Proyectos/Tercero/SistemasElectronicos/Practicas_FPGA_SE/ProyectoCoche/ProyectoCoche.srcs/sources_1/imports/new/Cont_Generic.vhd:15' bound to instance 'ContadorY' of component 'Cont_Generic' [C:/Users/alvar/OneDrive/Escritorio/Proyectos/Tercero/SistemasElectronicos/Practicas_FPGA_SE/ProyectoCoche/ProyectoCoche.srcs/sources_1/imports/new/controladorVGA.vhd:116]
	Parameter bits bound to: 10 - type: integer 
	Parameter End_Of_Screen bound to: 639 - type: integer 
	Parameter Start_Of_Pulse bound to: 655 - type: integer 
	Parameter End_Of_Pulse bound to: 751 - type: integer 
	Parameter End_Of_Line bound to: 799 - type: integer 
INFO: [Synth 8-3491] module 'Comparador' declared at 'C:/Users/alvar/OneDrive/Escritorio/Proyectos/Tercero/SistemasElectronicos/Practicas_FPGA_SE/ProyectoCoche/ProyectoCoche.srcs/sources_1/imports/new/Comparador.vhd:15' bound to instance 'ComparadorX' of component 'Comparador' [C:/Users/alvar/OneDrive/Escritorio/Proyectos/Tercero/SistemasElectronicos/Practicas_FPGA_SE/ProyectoCoche/ProyectoCoche.srcs/sources_1/imports/new/controladorVGA.vhd:126]
INFO: [Synth 8-638] synthesizing module 'Comparador' [C:/Users/alvar/OneDrive/Escritorio/Proyectos/Tercero/SistemasElectronicos/Practicas_FPGA_SE/ProyectoCoche/ProyectoCoche.srcs/sources_1/imports/new/Comparador.vhd:31]
	Parameter bits bound to: 10 - type: integer 
	Parameter End_Of_Screen bound to: 639 - type: integer 
	Parameter Start_Of_Pulse bound to: 655 - type: integer 
	Parameter End_Of_Pulse bound to: 751 - type: integer 
	Parameter End_Of_Line bound to: 799 - type: integer 
INFO: [Synth 8-256] done synthesizing module 'Comparador' (0#1) [C:/Users/alvar/OneDrive/Escritorio/Proyectos/Tercero/SistemasElectronicos/Practicas_FPGA_SE/ProyectoCoche/ProyectoCoche.srcs/sources_1/imports/new/Comparador.vhd:31]
	Parameter bits bound to: 10 - type: integer 
	Parameter End_Of_Screen bound to: 479 - type: integer 
	Parameter Start_Of_Pulse bound to: 489 - type: integer 
	Parameter End_Of_Pulse bound to: 491 - type: integer 
	Parameter End_Of_Line bound to: 520 - type: integer 
INFO: [Synth 8-3491] module 'Comparador' declared at 'C:/Users/alvar/OneDrive/Escritorio/Proyectos/Tercero/SistemasElectronicos/Practicas_FPGA_SE/ProyectoCoche/ProyectoCoche.srcs/sources_1/imports/new/Comparador.vhd:15' bound to instance 'ComparadorY' of component 'Comparador' [C:/Users/alvar/OneDrive/Escritorio/Proyectos/Tercero/SistemasElectronicos/Practicas_FPGA_SE/ProyectoCoche/ProyectoCoche.srcs/sources_1/imports/new/controladorVGA.vhd:141]
INFO: [Synth 8-638] synthesizing module 'Comparador__parameterized1' [C:/Users/alvar/OneDrive/Escritorio/Proyectos/Tercero/SistemasElectronicos/Practicas_FPGA_SE/ProyectoCoche/ProyectoCoche.srcs/sources_1/imports/new/Comparador.vhd:31]
	Parameter bits bound to: 10 - type: integer 
	Parameter End_Of_Screen bound to: 479 - type: integer 
	Parameter Start_Of_Pulse bound to: 489 - type: integer 
	Parameter End_Of_Pulse bound to: 491 - type: integer 
	Parameter End_Of_Line bound to: 520 - type: integer 
INFO: [Synth 8-256] done synthesizing module 'Comparador__parameterized1' (0#1) [C:/Users/alvar/OneDrive/Escritorio/Proyectos/Tercero/SistemasElectronicos/Practicas_FPGA_SE/ProyectoCoche/ProyectoCoche.srcs/sources_1/imports/new/Comparador.vhd:31]
INFO: [Synth 8-3491] module 'dibuja' declared at 'C:/Users/alvar/OneDrive/Escritorio/Proyectos/Tercero/SistemasElectronicos/Practicas_FPGA_SE/ProyectoCoche/ProyectoCoche.srcs/sources_1/imports/new/Dibuja.vhd:15' bound to instance 'Coche' of component 'Dibuja' [C:/Users/alvar/OneDrive/Escritorio/Proyectos/Tercero/SistemasElectronicos/Practicas_FPGA_SE/ProyectoCoche/ProyectoCoche.srcs/sources_1/imports/new/controladorVGA.vhd:156]
INFO: [Synth 8-638] synthesizing module 'dibuja' [C:/Users/alvar/OneDrive/Escritorio/Proyectos/Tercero/SistemasElectronicos/Practicas_FPGA_SE/ProyectoCoche/ProyectoCoche.srcs/sources_1/imports/new/Dibuja.vhd:29]
INFO: [Synth 8-226] default block is never used [C:/Users/alvar/OneDrive/Escritorio/Proyectos/Tercero/SistemasElectronicos/Practicas_FPGA_SE/ProyectoCoche/ProyectoCoche.srcs/sources_1/imports/new/Dibuja.vhd:57]
WARNING: [Synth 8-614] signal 'estado' is read in the process but is not in the sensitivity list [C:/Users/alvar/OneDrive/Escritorio/Proyectos/Tercero/SistemasElectronicos/Practicas_FPGA_SE/ProyectoCoche/ProyectoCoche.srcs/sources_1/imports/new/Dibuja.vhd:51]
WARNING: [Synth 8-614] signal 'eje_x' is read in the process but is not in the sensitivity list [C:/Users/alvar/OneDrive/Escritorio/Proyectos/Tercero/SistemasElectronicos/Practicas_FPGA_SE/ProyectoCoche/ProyectoCoche.srcs/sources_1/imports/new/Dibuja.vhd:51]
WARNING: [Synth 8-614] signal 'eje_y' is read in the process but is not in the sensitivity list [C:/Users/alvar/OneDrive/Escritorio/Proyectos/Tercero/SistemasElectronicos/Practicas_FPGA_SE/ProyectoCoche/ProyectoCoche.srcs/sources_1/imports/new/Dibuja.vhd:51]
INFO: [Synth 8-256] done synthesizing module 'dibuja' (0#1) [C:/Users/alvar/OneDrive/Escritorio/Proyectos/Tercero/SistemasElectronicos/Practicas_FPGA_SE/ProyectoCoche/ProyectoCoche.srcs/sources_1/imports/new/Dibuja.vhd:29]
INFO: [Synth 8-3491] module 'Gen_Color' declared at 'C:/Users/alvar/OneDrive/Escritorio/Proyectos/Tercero/SistemasElectronicos/Practicas_FPGA_SE/ProyectoCoche/ProyectoCoche.srcs/sources_1/imports/new/Gen_Color.vhd:15' bound to instance 'CanonGenerador' of component 'Gen_Color' [C:/Users/alvar/OneDrive/Escritorio/Proyectos/Tercero/SistemasElectronicos/Practicas_FPGA_SE/ProyectoCoche/ProyectoCoche.srcs/sources_1/imports/new/controladorVGA.vhd:169]
INFO: [Synth 8-638] synthesizing module 'Gen_Color' [C:/Users/alvar/OneDrive/Escritorio/Proyectos/Tercero/SistemasElectronicos/Practicas_FPGA_SE/ProyectoCoche/ProyectoCoche.srcs/sources_1/imports/new/Gen_Color.vhd:27]
INFO: [Synth 8-256] done synthesizing module 'Gen_Color' (0#1) [C:/Users/alvar/OneDrive/Escritorio/Proyectos/Tercero/SistemasElectronicos/Practicas_FPGA_SE/ProyectoCoche/ProyectoCoche.srcs/sources_1/imports/new/Gen_Color.vhd:27]
INFO: [Synth 8-256] done synthesizing module 'controladorVGA' (0#1) [C:/Users/alvar/OneDrive/Escritorio/Proyectos/Tercero/SistemasElectronicos/Practicas_FPGA_SE/ProyectoCoche/ProyectoCoche.srcs/sources_1/imports/new/controladorVGA.vhd:29]
WARNING: [Synth 8-7129] Port Spain in module controladorVGA is either unconnected or has no load
---------------------------------------------------------------------------------
Finished RTL Elaboration : Time (s): cpu = 00:00:07 ; elapsed = 00:00:10 . Memory (MB): peak = 1297.285 ; gain = 499.965
---------------------------------------------------------------------------------
---------------------------------------------------------------------------------
Start Handling Custom Attributes
---------------------------------------------------------------------------------
---------------------------------------------------------------------------------
Finished Handling Custom Attributes : Time (s): cpu = 00:00:07 ; elapsed = 00:00:10 . Memory (MB): peak = 1297.285 ; gain = 499.965
---------------------------------------------------------------------------------
---------------------------------------------------------------------------------
Finished RTL Optimization Phase 1 : Time (s): cpu = 00:00:07 ; elapsed = 00:00:10 . Memory (MB): peak = 1297.285 ; gain = 499.965
---------------------------------------------------------------------------------
Netlist sorting complete. Time (s): cpu = 00:00:00 ; elapsed = 00:00:00.002 . Memory (MB): peak = 1297.285 ; gain = 0.000
INFO: [Project 1-570] Preparing netlist for logic optimization

Processing XDC Constraints
Initializing timing engine
Parsing XDC File [C:/Users/alvar/OneDrive/Escritorio/Proyectos/Tercero/SistemasElectronicos/Practicas_FPGA_SE/ProyectoCoche/ProyectoCoche.srcs/constrs_1/imports/Practicas_FPGA_SE/Basys-3-MasterVGAcar.xdc]
WARNING: [Vivado 12-584] No ports matched 'UP'. [C:/Users/alvar/OneDrive/Escritorio/Proyectos/Tercero/SistemasElectronicos/Practicas_FPGA_SE/ProyectoCoche/ProyectoCoche.srcs/constrs_1/imports/Practicas_FPGA_SE/Basys-3-MasterVGAcar.xdc:113]
CRITICAL WARNING: [Common 17-55] 'set_property' expects at least one object. [C:/Users/alvar/OneDrive/Escritorio/Proyectos/Tercero/SistemasElectronicos/Practicas_FPGA_SE/ProyectoCoche/ProyectoCoche.srcs/constrs_1/imports/Practicas_FPGA_SE/Basys-3-MasterVGAcar.xdc:113]
Resolution: If [get_<value>] was used to populate the object, check to make sure this command returns at least one valid object.
WARNING: [Vivado 12-584] No ports matched 'UP'. [C:/Users/alvar/OneDrive/Escritorio/Proyectos/Tercero/SistemasElectronicos/Practicas_FPGA_SE/ProyectoCoche/ProyectoCoche.srcs/constrs_1/imports/Practicas_FPGA_SE/Basys-3-MasterVGAcar.xdc:114]
CRITICAL WARNING: [Common 17-55] 'set_property' expects at least one object. [C:/Users/alvar/OneDrive/Escritorio/Proyectos/Tercero/SistemasElectronicos/Practicas_FPGA_SE/ProyectoCoche/ProyectoCoche.srcs/constrs_1/imports/Practicas_FPGA_SE/Basys-3-MasterVGAcar.xdc:114]
Resolution: If [get_<value>] was used to populate the object, check to make sure this command returns at least one valid object.
WARNING: [Vivado 12-584] No ports matched 'DOWN'. [C:/Users/alvar/OneDrive/Escritorio/Proyectos/Tercero/SistemasElectronicos/Practicas_FPGA_SE/ProyectoCoche/ProyectoCoche.srcs/constrs_1/imports/Practicas_FPGA_SE/Basys-3-MasterVGAcar.xdc:119]
CRITICAL WARNING: [Common 17-55] 'set_property' expects at least one object. [C:/Users/alvar/OneDrive/Escritorio/Proyectos/Tercero/SistemasElectronicos/Practicas_FPGA_SE/ProyectoCoche/ProyectoCoche.srcs/constrs_1/imports/Practicas_FPGA_SE/Basys-3-MasterVGAcar.xdc:119]
Resolution: If [get_<value>] was used to populate the object, check to make sure this command returns at least one valid object.
WARNING: [Vivado 12-584] No ports matched 'DOWN'. [C:/Users/alvar/OneDrive/Escritorio/Proyectos/Tercero/SistemasElectronicos/Practicas_FPGA_SE/ProyectoCoche/ProyectoCoche.srcs/constrs_1/imports/Practicas_FPGA_SE/Basys-3-MasterVGAcar.xdc:120]
CRITICAL WARNING: [Common 17-55] 'set_property' expects at least one object. [C:/Users/alvar/OneDrive/Escritorio/Proyectos/Tercero/SistemasElectronicos/Practicas_FPGA_SE/ProyectoCoche/ProyectoCoche.srcs/constrs_1/imports/Practicas_FPGA_SE/Basys-3-MasterVGAcar.xdc:120]
Resolution: If [get_<value>] was used to populate the object, check to make sure this command returns at least one valid object.
Finished Parsing XDC File [C:/Users/alvar/OneDrive/Escritorio/Proyectos/Tercero/SistemasElectronicos/Practicas_FPGA_SE/ProyectoCoche/ProyectoCoche.srcs/constrs_1/imports/Practicas_FPGA_SE/Basys-3-MasterVGAcar.xdc]
INFO: [Project 1-236] Implementation specific constraints were found while reading constraint file [C:/Users/alvar/OneDrive/Escritorio/Proyectos/Tercero/SistemasElectronicos/Practicas_FPGA_SE/ProyectoCoche/ProyectoCoche.srcs/constrs_1/imports/Practicas_FPGA_SE/Basys-3-MasterVGAcar.xdc]. These constraints will be ignored for synthesis but will be used in implementation. Impacted constraints are listed in the file [.Xil/controladorVGA_propImpl.xdc].
Resolution: To avoid this warning, move constraints listed in [.Xil/controladorVGA_propImpl.xdc] to another XDC file and exclude this new file from synthesis with the used_in_synthesis property (File Properties dialog in GUI) and re-run elaboration/synthesis.
Completed Processing XDC Constraints

Netlist sorting complete. Time (s): cpu = 00:00:00 ; elapsed = 00:00:00.001 . Memory (MB): peak = 1397.195 ; gain = 0.000
INFO: [Project 1-111] Unisim Transformation Summary:
No Unisim elements were transformed.

Constraint Validation Runtime : Time (s): cpu = 00:00:00 ; elapsed = 00:00:00.008 . Memory (MB): peak = 1397.195 ; gain = 0.000
INFO: [Designutils 20-5440] No compile time benefit to using incremental synthesis; A full resynthesis will be run
INFO: [Designutils 20-4379] Flow is switching to default flow due to incremental criteria not met. If you would like to alter this behaviour and have the flow terminate instead, please set the following parameter config_implementation {autoIncr.Synth.RejectBehavior Terminate}
INFO: [Synth 8-11241] undeclared symbol 'REGCCE', assumed default net type 'wire' [C:/Xilinx/Vivado/2022.2/data/verilog/src/unimacro/BRAM_SINGLE_MACRO.v:2170]
---------------------------------------------------------------------------------
Finished Constraint Validation : Time (s): cpu = 00:00:16 ; elapsed = 00:00:20 . Memory (MB): peak = 1397.195 ; gain = 599.875
---------------------------------------------------------------------------------
---------------------------------------------------------------------------------
Start Loading Part and Timing Information
---------------------------------------------------------------------------------
Loading part: xc7a35tcpg236-1
---------------------------------------------------------------------------------
Finished Loading Part and Timing Information : Time (s): cpu = 00:00:16 ; elapsed = 00:00:20 . Memory (MB): peak = 1397.195 ; gain = 599.875
---------------------------------------------------------------------------------
---------------------------------------------------------------------------------
Start Applying 'set_property' XDC Constraints
---------------------------------------------------------------------------------
---------------------------------------------------------------------------------
Finished applying 'set_property' XDC Constraints : Time (s): cpu = 00:00:16 ; elapsed = 00:00:20 . Memory (MB): peak = 1397.195 ; gain = 599.875
---------------------------------------------------------------------------------
INFO: [Synth 8-802] inferred FSM for state register 'estado_reg' in module 'dibuja'
---------------------------------------------------------------------------------------------------
                   State |                     New Encoding |                Previous Encoding 
---------------------------------------------------------------------------------------------------
                  reposo |                               00 |                               00
                prep_mov |                               01 |                               01
                     izq |                               10 |                               10
                     der |                               11 |                               11
---------------------------------------------------------------------------------------------------
INFO: [Synth 8-3354] encoded FSM with state register 'estado_reg' using encoding 'sequential' in module 'dibuja'
---------------------------------------------------------------------------------
Finished RTL Optimization Phase 2 : Time (s): cpu = 00:00:16 ; elapsed = 00:00:21 . Memory (MB): peak = 1397.195 ; gain = 599.875
---------------------------------------------------------------------------------
---------------------------------------------------------------------------------
Start RTL Component Statistics 
---------------------------------------------------------------------------------
Detailed RTL Component Info : 
+---Adders : 
	   3 Input   11 Bit       Adders := 6     
	   2 Input   10 Bit       Adders := 2     
	   2 Input    9 Bit       Adders := 7     
	   2 Input    2 Bit       Adders := 1     
+---Registers : 
	               10 Bit    Registers := 2     
	                9 Bit    Registers := 2     
	                2 Bit    Registers := 1     
	                1 Bit    Registers := 6     
+---Muxes : 
	   2 Input   10 Bit        Muxes := 2     
	   2 Input    4 Bit        Muxes := 8     
	   3 Input    4 Bit        Muxes := 1     
	   2 Input    2 Bit        Muxes := 3     
	   4 Input    2 Bit        Muxes := 2     
	   2 Input    1 Bit        Muxes := 4     
	   4 Input    1 Bit        Muxes := 2     
---------------------------------------------------------------------------------
Finished RTL Component Statistics 
---------------------------------------------------------------------------------
---------------------------------------------------------------------------------
Start Part Resource Summary
---------------------------------------------------------------------------------
Part Resources:
DSPs: 90 (col length:60)
BRAMs: 100 (col length: RAMB18 60 RAMB36 30)
---------------------------------------------------------------------------------
Finished Part Resource Summary
---------------------------------------------------------------------------------
---------------------------------------------------------------------------------
Start Cross Boundary and Area Optimization
---------------------------------------------------------------------------------
WARNING: [Synth 8-7080] Parallel synthesis criteria is not met
WARNING: [Synth 8-7129] Port Spain in module controladorVGA is either unconnected or has no load
---------------------------------------------------------------------------------
Finished Cross Boundary and Area Optimization : Time (s): cpu = 00:00:19 ; elapsed = 00:00:24 . Memory (MB): peak = 1397.195 ; gain = 599.875
---------------------------------------------------------------------------------
---------------------------------------------------------------------------------
Start Applying XDC Timing Constraints
---------------------------------------------------------------------------------
---------------------------------------------------------------------------------
Finished Applying XDC Timing Constraints : Time (s): cpu = 00:00:25 ; elapsed = 00:00:31 . Memory (MB): peak = 1397.195 ; gain = 599.875
---------------------------------------------------------------------------------
---------------------------------------------------------------------------------
Start Timing Optimization
---------------------------------------------------------------------------------
---------------------------------------------------------------------------------
Finished Timing Optimization : Time (s): cpu = 00:00:25 ; elapsed = 00:00:31 . Memory (MB): peak = 1397.195 ; gain = 599.875
---------------------------------------------------------------------------------
---------------------------------------------------------------------------------
Start Technology Mapping
---------------------------------------------------------------------------------
---------------------------------------------------------------------------------
Finished Technology Mapping : Time (s): cpu = 00:00:25 ; elapsed = 00:00:32 . Memory (MB): peak = 1397.195 ; gain = 599.875
---------------------------------------------------------------------------------
---------------------------------------------------------------------------------
Start IO Insertion
---------------------------------------------------------------------------------
---------------------------------------------------------------------------------
Start Flattening Before IO Insertion
---------------------------------------------------------------------------------
---------------------------------------------------------------------------------
Finished Flattening Before IO Insertion
---------------------------------------------------------------------------------
---------------------------------------------------------------------------------
Start Final Netlist Cleanup
---------------------------------------------------------------------------------
---------------------------------------------------------------------------------
Finished Final Netlist Cleanup
---------------------------------------------------------------------------------
---------------------------------------------------------------------------------
Finished IO Insertion : Time (s): cpu = 00:00:31 ; elapsed = 00:00:38 . Memory (MB): peak = 1397.195 ; gain = 599.875
---------------------------------------------------------------------------------
---------------------------------------------------------------------------------
Start Renaming Generated Instances
---------------------------------------------------------------------------------
---------------------------------------------------------------------------------
Finished Renaming Generated Instances : Time (s): cpu = 00:00:31 ; elapsed = 00:00:38 . Memory (MB): peak = 1397.195 ; gain = 599.875
---------------------------------------------------------------------------------
---------------------------------------------------------------------------------
Start Rebuilding User Hierarchy
---------------------------------------------------------------------------------
---------------------------------------------------------------------------------
Finished Rebuilding User Hierarchy : Time (s): cpu = 00:00:31 ; elapsed = 00:00:38 . Memory (MB): peak = 1397.195 ; gain = 599.875
---------------------------------------------------------------------------------
---------------------------------------------------------------------------------
Start Renaming Generated Ports
---------------------------------------------------------------------------------
---------------------------------------------------------------------------------
Finished Renaming Generated Ports : Time (s): cpu = 00:00:31 ; elapsed = 00:00:38 . Memory (MB): peak = 1397.195 ; gain = 599.875
---------------------------------------------------------------------------------
---------------------------------------------------------------------------------
Start Handling Custom Attributes
---------------------------------------------------------------------------------
---------------------------------------------------------------------------------
Finished Handling Custom Attributes : Time (s): cpu = 00:00:31 ; elapsed = 00:00:38 . Memory (MB): peak = 1397.195 ; gain = 599.875
---------------------------------------------------------------------------------
---------------------------------------------------------------------------------
Start Renaming Generated Nets
---------------------------------------------------------------------------------
---------------------------------------------------------------------------------
Finished Renaming Generated Nets : Time (s): cpu = 00:00:31 ; elapsed = 00:00:38 . Memory (MB): peak = 1397.195 ; gain = 599.875
---------------------------------------------------------------------------------
---------------------------------------------------------------------------------
Start Writing Synthesis Report
---------------------------------------------------------------------------------

Report BlackBoxes: 
+-+--------------+----------+
| |BlackBox name |Instances |
+-+--------------+----------+
+-+--------------+----------+

Report Cell Usage: 
+------+-------+------+
|      |Cell   |Count |
+------+-------+------+
|1     |BUFG   |     1|
|2     |CARRY4 |    23|
|3     |LUT1   |    21|
|4     |LUT2   |    31|
|5     |LUT3   |    14|
|6     |LUT4   |    24|
|7     |LUT5   |    21|
|8     |LUT6   |    21|
|9     |FDCE   |    36|
|10    |FDPE   |     3|
|11    |IBUF   |     4|
|12    |OBUF   |    14|
+------+-------+------+
---------------------------------------------------------------------------------
Finished Writing Synthesis Report : Time (s): cpu = 00:00:31 ; elapsed = 00:00:38 . Memory (MB): peak = 1397.195 ; gain = 599.875
---------------------------------------------------------------------------------
Synthesis finished with 0 errors, 0 critical warnings and 2 warnings.
Synthesis Optimization Runtime : Time (s): cpu = 00:00:22 ; elapsed = 00:00:36 . Memory (MB): peak = 1397.195 ; gain = 499.965
Synthesis Optimization Complete : Time (s): cpu = 00:00:31 ; elapsed = 00:00:38 . Memory (MB): peak = 1397.195 ; gain = 599.875
INFO: [Project 1-571] Translating synthesized netlist
Netlist sorting complete. Time (s): cpu = 00:00:00 ; elapsed = 00:00:00.003 . Memory (MB): peak = 1397.195 ; gain = 0.000
INFO: [Netlist 29-17] Analyzing 23 Unisim elements for replacement
INFO: [Netlist 29-28] Unisim Transformation completed in 0 CPU seconds
INFO: [Project 1-570] Preparing netlist for logic optimization
INFO: [Opt 31-138] Pushed 0 inverter(s) to 0 load pin(s).
Netlist sorting complete. Time (s): cpu = 00:00:00 ; elapsed = 00:00:00.001 . Memory (MB): peak = 1397.195 ; gain = 0.000
INFO: [Project 1-111] Unisim Transformation Summary:
No Unisim elements were transformed.

Synth Design complete, checksum: e7867dbe
INFO: [Common 17-83] Releasing license: Synthesis
47 Infos, 10 Warnings, 4 Critical Warnings and 0 Errors encountered.
synth_design completed successfully
synth_design: Time (s): cpu = 00:00:35 ; elapsed = 00:00:46 . Memory (MB): peak = 1397.195 ; gain = 977.062
INFO: [runtcl-6] Synthesis results are not added to the cache due to CRITICAL_WARNING
INFO: [Common 17-1381] The checkpoint 'C:/Users/alvar/OneDrive/Escritorio/Proyectos/Tercero/SistemasElectronicos/Practicas_FPGA_SE/ProyectoCoche/ProyectoCoche.runs/synth_1/controladorVGA.dcp' has been generated.
INFO: [runtcl-4] Executing : report_utilization -file controladorVGA_utilization_synth.rpt -pb controladorVGA_utilization_synth.pb
INFO: [Common 17-206] Exiting Vivado at Fri Oct 27 00:34:26 2023...
